Arguments: 
  G:\Program Files\nodejs\node.exe C:\Users\user_\AppData\Roaming\npm\node_modules\yarn\bin\yarn.js init

PATH: 
  G:\program files\gcc\bin;G:\program files\gcc\libexec\gcc\x86_64-w64-mingw32\8.3.0;C:\Program Files (x86)\NVIDIA Corporation\PhysX\Common;C:\Python27\;C:\Python27\Scripts;C:\Program Files (x86)\Common Files\Oracle\Java\javapath;C:\Windows\system32;C:\Windows;C:\Windows\System32\Wbem;C:\Windows\System32\WindowsPowerShell\v1.0\;C:\Windows\System32\OpenSSH\;C:\Program Files (x86)\AMD\ATI.ACE\Core-Static;C:\TDM-GCC-64\bin;C:\MinGW\bin;D:\Python\Python37;D:\Python\Python37\Scripts;C:\ProgramData\chocolatey\bin;G:\Program Files\Git\cmd;C:\Program Files\dotnet\;C:\Program Files\CMake\bin;G:\Program Files\nodejs\;G:\program files\Python\Python37\Scripts\;G:\program files\Python\Python37\;C:\Users\user_\AppData\Local\Microsoft\WindowsApps;D:\Program Files\Microsoft VS Code\bin;C:\Program Files\mingw-w64\x86_64-8.1.0-posix-seh-rt_v6-rev0\mingw64\bin;C:\Users\user_\AppData\Local\atom\bin;G:\program files\Microsoft VS Code\bin;C:\Users\user_\AppData\Local\GitHubDesktop\bin;C:\Users\user_\.dotnet\tools;C:\Program Files\ffmpeg\bin;C:\Users\user_\AppData\Roaming\npm

Yarn version: 
  1.22.11

Node version: 
  14.17.0

Platform: 
  win32 x64

Trace: 
  Error: canceled
      at Interface.<anonymous> (C:\Users\user_\AppData\Roaming\npm\node_modules\yarn\lib\cli.js:137023:13)
      at Interface.emit (events.js:376:20)
      at Interface._ttyWrite (readline.js:880:16)
      at ReadStream.onkeypress (readline.js:213:10)
      at ReadStream.emit (events.js:376:20)
      at emitKeys (internal/readline/utils.js:345:14)
      at emitKeys.next (<anonymous>)
      at ReadStream.onData (readline.js:1149:36)
      at ReadStream.emit (events.js:376:20)
      at addChunk (internal/streams/readable.js:309:12)

npm manifest: 
  No manifest

yarn manifest: 
  No manifest

Lockfile: 
  # THIS IS AN AUTOGENERATED FILE. DO NOT EDIT THIS FILE DIRECTLY.
  # yarn lockfile v1
  
  
  "@altv/types-client@^1.7.7":
    version "1.7.7"
    resolved "https://registry.yarnpkg.com/@altv/types-client/-/types-client-1.7.7.tgz#101aef38d4cfbdef6916c62ad994e2d774388fe4"
    integrity sha512-4GaZIbczUV/g4/ZWBPLI/9WJKHFfXrp8Rwx56vDHsxSV0cWf9+DN8ktuVYqtWfoY/PWWi9PecBR7+jAFuGa/CA==
  
  "@altv/types-shared@^1.0.1", "@altv/types-shared@^1.0.2":
    version "1.0.2"
    resolved "https://registry.yarnpkg.com/@altv/types-shared/-/types-shared-1.0.2.tgz#c9b3b4964bb8c690883a243f8fbefaeb574b520f"
    integrity sha512-yxJh6u4jFjyrZsFOe2Fx7352e8WO+k/YxXHcSktBc3Zq5suIDhaMIk6dy7K+pYHKDlPa0DNzPnnjcq3QUYK6Qw==
  
  "altv-xdecorators-shared@^2.0.3":
    version "2.0.3"
    resolved "https://registry.yarnpkg.com/altv-xdecorators-shared/-/altv-decorators-shared-2.0.3.tgz#4a1d9230d1fd6677e26b85edf06503a281e142a8"
    integrity sha512-p/i+yu6gIGepejVOnYdHssvQqwhipOaZ6TuJzfHoqsK5swgt/gj4PdK05sxENqBDgUJMolaYgPg3qVQtqXo6dQ==
    dependencies:
      "@altv/types-shared" "^1.0.1"
      reflect-metadata "^0.1.13"
      tsyringe "^4.6.0"
  
  reflect-metadata@^0.1.13:
    version "0.1.13"
    resolved "https://registry.yarnpkg.com/reflect-metadata/-/reflect-metadata-0.1.13.tgz#67ae3ca57c972a2aa1642b10fe363fe32d49dc08"
    integrity sha512-Ts1Y/anZELhSsjMcU605fU9RE4Oi3p5ORujwbIKXfWa+0Zxs510Qrmrce5/Jowq3cHSZSJqBjypxmHarc+vEWg==
  
  tslib@^1.9.3:
    version "1.14.1"
    resolved "https://registry.yarnpkg.com/tslib/-/tslib-1.14.1.tgz#cf2d38bdc34a134bcaf1091c41f6619e2f672d00"
    integrity sha512-Xni35NKzjgMrwevysHTCArtLDpPvye8zV/0E4EyYn43P7/7qvQwPh9BGkHewbMulVntbigmcT7rdX3BNo9wRJg==
  
  tsyringe@^4.6.0:
    version "4.6.0"
    resolved "https://registry.yarnpkg.com/tsyringe/-/tsyringe-4.6.0.tgz#14915d3d7f0db35e1cf7269bdbf7c440713c8d07"
    integrity sha512-BMQAZamSfEmIQzH8WJeRu1yZGQbPSDuI9g+yEiKZFIcO46GPZuMOC2d0b52cVBdw1d++06JnDSIIZvEnogMdAw==
    dependencies:
      tslib "^1.9.3"
