Arguments: 
  G:\Program Files\nodejs\node.exe C:\Users\user_\AppData\Roaming\npm\node_modules\yarn\bin\yarn.js add reflect-metadata

PATH: 
  G:\program files\gcc\bin;G:\program files\gcc\libexec\gcc\x86_64-w64-mingw32\8.3.0;C:\Program Files (x86)\NVIDIA Corporation\PhysX\Common;C:\Python27\;C:\Python27\Scripts;C:\Program Files (x86)\Common Files\Oracle\Java\javapath;C:\Windows\system32;C:\Windows;C:\Windows\System32\Wbem;C:\Windows\System32\WindowsPowerShell\v1.0\;C:\Windows\System32\OpenSSH\;C:\Program Files (x86)\AMD\ATI.ACE\Core-Static;C:\TDM-GCC-64\bin;C:\MinGW\bin;D:\Python\Python37;D:\Python\Python37\Scripts;C:\ProgramData\chocolatey\bin;G:\Program Files\Git\cmd;C:\Program Files\dotnet\;C:\Program Files\CMake\bin;G:\Program Files\nodejs\;G:\program files\Python\Python37\Scripts\;G:\program files\Python\Python37\;C:\Users\user_\AppData\Local\Microsoft\WindowsApps;D:\Program Files\Microsoft VS Code\bin;C:\Program Files\mingw-w64\x86_64-8.1.0-posix-seh-rt_v6-rev0\mingw64\bin;C:\Users\user_\AppData\Local\atom\bin;G:\program files\Microsoft VS Code\bin;C:\Users\user_\AppData\Local\GitHubDesktop\bin;C:\Users\user_\.dotnet\tools;C:\Program Files\ffmpeg\bin;C:\Users\user_\AppData\Roaming\npm

Yarn version: 
  1.22.11

Node version: 
  14.17.0

Platform: 
  win32 x64

Trace: 
  SyntaxError: G:\Files\altv_dev\my-projects\altv-decorators\server\package.json: Unexpected token } in JSON at position 431
      at JSON.parse (<anonymous>)
      at C:\Users\user_\AppData\Roaming\npm\node_modules\yarn\lib\cli.js:1625:59
      at Generator.next (<anonymous>)
      at step (C:\Users\user_\AppData\Roaming\npm\node_modules\yarn\lib\cli.js:310:30)
      at C:\Users\user_\AppData\Roaming\npm\node_modules\yarn\lib\cli.js:321:13

npm manifest: 
  {
    "name": "@xshady/altv-decorators-server",
    "version": "0.0.1",
    "description": "typescript decorators for alt:V",
    "main": "./dist/index.js",
    "types": "./dist/index.d.ts",
    "scripts": {
      "test": "echo \"Error: no test specified\" && exit 1"
    },
    "author": "xshady",
    "license": "ISC",
    "devDependencies": {},
    "dependencies": {
      "@altv/types-server": "^1.9.8",
      "@xshady/altv-decorators-shared": "2.0.0",
    },
    "files": [
      "dist/**/*"
    ]
  }

yarn manifest: 
  No manifest

Lockfile: 
  # THIS IS AN AUTOGENERATED FILE. DO NOT EDIT THIS FILE DIRECTLY.
  # yarn lockfile v1
  
  
  "@altv/types-server@^1.9.8":
    version "1.9.8"
    resolved "https://registry.yarnpkg.com/@altv/types-server/-/types-server-1.9.8.tgz#a6c8ffeedf029d94d7c8e1ccc5659e2237dc2c02"
    integrity sha512-PfdTPbjnhwNY0fZp/tPwPlHGBqfVEhpzrQzgKAuaB3Nz1EpgCbyLZdN6O44VAfTJgK2CcOfHGYJmA6wElNaebQ==
  
  "@altv/types-shared@^1.0.1":
    version "1.0.2"
    resolved "https://registry.yarnpkg.com/@altv/types-shared/-/types-shared-1.0.2.tgz#c9b3b4964bb8c690883a243f8fbefaeb574b520f"
    integrity sha512-yxJh6u4jFjyrZsFOe2Fx7352e8WO+k/YxXHcSktBc3Zq5suIDhaMIk6dy7K+pYHKDlPa0DNzPnnjcq3QUYK6Qw==
  
  "@xshady/altv-decorators-shared@2.0.0":
    version "2.0.0"
    resolved "https://registry.yarnpkg.com/@xshady/altv-decorators-shared/-/altv-decorators-shared-2.0.0.tgz#453f4915673874365b6ddc255872e18c776da41f"
    integrity sha512-8VYzeI9X/iV18NW7a2Xeiy6WZ8na7oVi+frANzUmzfL1sRp9sbz6JQxyLpvBzMhjCO39c+9jNA17qhcSzJAjnw==
    dependencies:
      "@altv/types-shared" "^1.0.1"
      reflect-metadata "^0.1.13"
  
  reflect-metadata@^0.1.13:
    version "0.1.13"
    resolved "https://registry.yarnpkg.com/reflect-metadata/-/reflect-metadata-0.1.13.tgz#67ae3ca57c972a2aa1642b10fe363fe32d49dc08"
    integrity sha512-Ts1Y/anZELhSsjMcU605fU9RE4Oi3p5ORujwbIKXfWa+0Zxs510Qrmrce5/Jowq3cHSZSJqBjypxmHarc+vEWg==
